<?xml version="1.0" encoding="UTF-8"?>
<!-- Generated by org.testng.reporters.JUnitReportReporter -->
<testsuite hostname="LAPTOP-EVOS6L15" failures="0" tests="1" name="Tests.FacebookLoginTest" time="5.230" errors="0" timestamp="2025-09-12T16:08:43 IST" skipped="0">
  <testcase classname="Tests.FacebookLoginTest" name="loginTest" time="5.230"/>
</testsuite> <!-- Tests.FacebookLoginTest -->
