<?xml version="1.0" encoding="UTF-8"?>
<!-- Generated by org.testng.reporters.JUnitReportReporter -->
<testsuite hostname="LAPTOP-EVOS6L15" failures="0" tests="1" name="Tests.OCRegisterAccountTest" time="6.422" errors="0" timestamp="2025-09-12T22:29:07 IST" skipped="0">
  <testcase classname="Tests.OCRegisterAccountTest" name="register" time="6.422"/>
</testsuite> <!-- Tests.OCRegisterAccountTest -->
