<?xml version="1.0" encoding="UTF-8"?>
<!-- Generated by org.testng.reporters.JUnitReportReporter -->
<testsuite hostname="LAPTOP-EVOS6L15" failures="0" tests="1" name="Tests.FacebookCreateAccountTest" time="9.845" errors="0" timestamp="2025-09-12T17:49:13 IST" skipped="0">
  <testcase classname="Tests.FacebookCreateAccountTest" name="createAccountTest" time="9.845"/>
</testsuite> <!-- Tests.FacebookCreateAccountTest -->
