<?xml version="1.0" encoding="UTF-8"?>
<!-- Generated by org.testng.reporters.JUnitReportReporter -->
<testsuite hostname="LAPTOP-EVOS6L15" failures="0" tests="2" name="Day2.PostRequestBodyExamples" time="16.876" errors="0" timestamp="2025-09-17T22:28:42 IST" skipped="0">
  <testcase classname="Day2.PostRequestBodyExamples" name="createStudentUsingExternalFile" time="14.012"/>
  <testcase classname="Day2.PostRequestBodyExamples" name="createStudentUsingPojoClass" time="2.864"/>
</testsuite> <!-- Day2.PostRequestBodyExamples -->
