<?xml version="1.0" encoding="UTF-8"?>
<!-- Generated by org.testng.reporters.JUnitReportReporter -->
<testsuite hostname="DivyaKiran" failures="0" tests="9" name="day25.ParamTest" time="0.534" errors="0" timestamp="2025-07-09T14:21:35 IST" skipped="0">
  <testcase classname="day25.ParamTest" name="testLogo" time="0.061"/>
  <testcase classname="day25.ParamTest" name="testLogo" time="0.178"/>
  <testcase classname="day25.ParamTest" name="testLogo" time="0.111"/>
  <testcase classname="day25.ParamTest" name="testTitle" time="0.020"/>
  <testcase classname="day25.ParamTest" name="testTitle" time="0.033"/>
  <testcase classname="day25.ParamTest" name="testTitle" time="0.074"/>
  <testcase classname="day25.ParamTest" name="testURL" time="0.006"/>
  <testcase classname="day25.ParamTest" name="testURL" time="0.018"/>
  <testcase classname="day25.ParamTest" name="testURL" time="0.033"/>
</testsuite> <!-- day25.ParamTest -->
