<?xml version="1.0" encoding="UTF-8"?>
<!-- Generated by org.testng.reporters.JUnitReportReporter -->
<testsuite hostname="DivyaKiran" failures="0" tests="3" name="day24.LoginTests" time="0.016" errors="0" timestamp="2025-07-08T14:57:13 IST" skipped="0">
  <testcase classname="day24.LoginTests" name="loginByEmail" time="0.011"/>
  <testcase classname="day24.LoginTests" name="loginByFacebook" time="0.003"/>
  <testcase classname="day24.LoginTests" name="loginByTwitter" time="0.002"/>
</testsuite> <!-- day24.LoginTests -->
