<?xml version="1.0" encoding="UTF-8"?>
<!-- Generated by org.testng.reporters.JUnitReportReporter -->
<testsuite hostname="DivyaKiran" failures="0" tests="4" name="day22.OrangeHRMTest" time="11.040" errors="0" timestamp="2025-07-07T13:38:25 IST" skipped="0">
  <testcase classname="day22.OrangeHRMTest" name="openapp" time="5.915"/>
  <testcase classname="day22.OrangeHRMTest" name="testLogo" time="3.077"/>
  <testcase classname="day22.OrangeHRMTest" name="testLogin" time="1.757"/>
  <testcase classname="day22.OrangeHRMTest" name="closeapp" time="0.291"/>
</testsuite> <!-- day22.OrangeHRMTest -->
