<?xml version="1.0" encoding="UTF-8"?>
<!-- Generated by org.testng.reporters.JUnitReportReporter -->
<testsuite hostname="DivyaKiran" failures="0" tests="3" name="day22.FirstTestCase" time="0.017" errors="0" timestamp="2025-07-07T13:38:25 IST" skipped="0">
  <testcase classname="day22.FirstTestCase" name="openapp" time="0.009"/>
  <testcase classname="day22.FirstTestCase" name="login" time="0.006"/>
  <testcase classname="day22.FirstTestCase" name="logout" time="0.002"/>
</testsuite> <!-- day22.FirstTestCase -->
