<?xml version="1.0" encoding="UTF-8"?>
<!-- Generated by org.testng.reporters.JUnitReportReporter -->
<testsuite hostname="DivyaKiran" failures="0" tests="2" name="day24.PaymentTests" time="0.010" errors="0" timestamp="2025-07-08T15:02:12 IST" skipped="0">
  <testcase classname="day24.PaymentTests" name="paymentInRupees" time="0.008"/>
  <testcase classname="day24.PaymentTests" name="paymentInDollars" time="0.002"/>
</testsuite> <!-- day24.PaymentTests -->
