<?xml version="1.0" encoding="UTF-8"?>
<!-- Generated by org.testng.reporters.JUnitReportReporter -->
<testsuite hostname="DivyaKiran" failures="0" tests="1" name="day23.AssertionsDemo" time="0.013" errors="0" timestamp="2025-07-07T19:32:55 IST" skipped="0">
  <testcase classname="day23.AssertionsDemo" name="testTitle" time="0.013"/>
</testsuite> <!-- day23.AssertionsDemo -->
