<?xml version="1.0" encoding="UTF-8"?>
<!-- Generated by org.testng.reporters.JUnitReportReporter -->
<testsuite hostname="DivyaKiran" failures="0" tests="2" name="day23.AnnotationsDemo" time="0.012" errors="0" timestamp="2025-07-07T15:52:41 IST" skipped="0">
  <testcase classname="day23.AnnotationsDemo" name="search" time="0.009"/>
  <testcase classname="day23.AnnotationsDemo" name="advancedsearch" time="0.003"/>
</testsuite> <!-- day23.AnnotationsDemo -->
