<?xml version="1.0" encoding="UTF-8"?>
<!-- Generated by org.testng.reporters.JUnitReportReporter -->
<testsuite hostname="DivyaKiran" failures="0" tests="2" name="day23.pack.AllAnnotations" time="0.017" errors="0" timestamp="2025-07-07T17:27:18 IST" skipped="0">
  <testcase classname="day23.pack.AllAnnotations" name="tm1" time="0.010"/>
  <testcase classname="day23.pack.AllAnnotations" name="tm2" time="0.007"/>
</testsuite> <!-- day23.pack.AllAnnotations -->
