<?xml version="1.0" encoding="UTF-8"?>
<!-- Generated by org.testng.reporters.JUnitReportReporter -->
<testsuite hostname="DivyaKiran" failures="0" tests="1" name="day27.LoginTest" time="0.666" errors="0" timestamp="2025-07-10T13:54:32 IST" skipped="0">
  <testcase classname="day27.LoginTest" name="testLogin" time="0.666"/>
</testsuite> <!-- day27.LoginTest -->
