<?xml version="1.0" encoding="UTF-8"?>
<!-- Generated by org.testng.reporters.JUnitReportReporter -->
<testsuite hostname="DivyaKiran" failures="0" tests="2" name="day23.AllAnnotations" time="0.019" errors="0" timestamp="2025-07-07T17:32:15 IST" skipped="0">
  <testcase classname="day23.AllAnnotations" name="tm1" time="0.011"/>
  <testcase classname="day23.AllAnnotations" name="tm2" time="0.008"/>
</testsuite> <!-- day23.AllAnnotations -->
