<?xml version="1.0" encoding="UTF-8"?>
<!-- Generated by org.testng.reporters.JUnitReportReporter -->
<testsuite hostname="DivyaKiran" failures="0" tests="3" name="day24.SignUpTests" time="0.011" errors="0" timestamp="2025-07-08T14:57:40 IST" skipped="0">
  <testcase classname="day24.SignUpTests" name="signupbyemail" time="0.008"/>
  <testcase classname="day24.SignUpTests" name="signupbyfacebook" time="0.002"/>
  <testcase classname="day24.SignUpTests" name="signupbytwitter" time="0.001"/>
</testsuite> <!-- day24.SignUpTests -->
