<?xml version="1.0" encoding="UTF-8"?>
<!-- Generated by org.testng.reporters.JUnitReportReporter -->
<testsuite hostname="DivyaKiran" failures="0" tests="2" name="day23.pack.C2" time="0.009" errors="0" timestamp="2025-07-07T17:10:42 IST" skipped="0">
  <testcase classname="day23.pack.C2" name="xyz" time="0.007"/>
  <testcase classname="day23.pack.C2" name="xyz" time="0.002"/>
</testsuite> <!-- day23.pack.C2 -->
