<?xml version="1.0" encoding="UTF-8"?>
<!-- Generated by org.testng.reporters.JUnitReportReporter -->
<testsuite hostname="DivyaKiran" failures="0" tests="1" name="testCases.TC001_AccountRegistrationTest" time="2.675" errors="0" timestamp="2025-07-21T17:03:10 IST" skipped="0">
  <testcase classname="testCases.TC001_AccountRegistrationTest" name="testAccRegist" time="2.675"/>
</testsuite> <!-- testCases.TC001_AccountRegistrationTest -->
