<?xml version="1.0" encoding="UTF-8"?>
<!-- Generated by org.testng.reporters.JUnitReportReporter -->
<testsuite hostname="DivyaKiran" failures="0" tests="1" name="testCases.TC002_LoginTest" time="2.178" errors="0" timestamp="2025-07-21T19:58:21 IST" skipped="0">
  <testcase classname="testCases.TC002_LoginTest" name="login" time="2.178"/>
</testsuite> <!-- testCases.TC002_LoginTest -->
